<?xml version="1.0" encoding="UTF-8"?>
<testsuite name="com.setong.test.springboot.web.HelloControllerTest" tests="2" skipped="0" failures="0" errors="0" timestamp="2021-09-26T06:21:08" hostname="SETONG-PC" time="0.23">
  <properties/>
  <testcase name="hello가_리턴된다" classname="com.setong.test.springboot.web.HelloControllerTest" time="0.143"/>
  <testcase name="helloDto가_리턴된다" classname="com.setong.test.springboot.web.HelloControllerTest" time="0.087"/>
  <system-out><![CDATA[2021-09-26 15:21:07.690  INFO 20064 --- [    Test worker] .b.t.a.w.s.WebMvcTestContextBootstrapper : Neither @ContextConfiguration nor @ContextHierarchy found for test class [com.setong.test.springboot.web.HelloControllerTest], using SpringBootContextLoader
2021-09-26 15:21:07.691  INFO 20064 --- [    Test worker] o.s.t.c.support.AbstractContextLoader    : Could not detect default resource locations for test class [com.setong.test.springboot.web.HelloControllerTest]: no resource found for suffixes {-context.xml, Context.groovy}.
2021-09-26 15:21:07.691  INFO 20064 --- [    Test worker] t.c.s.AnnotationConfigContextLoaderUtils : Could not detect default configuration classes for test class [com.setong.test.springboot.web.HelloControllerTest]: HelloControllerTest does not declare any static, non-private, non-final, nested classes annotated with @Configuration.
2021-09-26 15:21:07.718  INFO 20064 --- [    Test worker] .b.t.c.SpringBootTestContextBootstrapper : Found @SpringBootConfiguration com.setong.test.springboot.Application for test class com.setong.test.springboot.web.HelloControllerTest
2021-09-26 15:21:07.719  INFO 20064 --- [    Test worker] .b.t.a.w.s.WebMvcTestContextBootstrapper : Loaded default TestExecutionListener class names from location [META-INF/spring.factories]: [org.springframework.security.test.context.support.WithSecurityContextTestExecutionListener, org.springframework.security.test.context.support.ReactorContextTestExecutionListener, org.springframework.boot.test.autoconfigure.restdocs.RestDocsTestExecutionListener, org.springframework.boot.test.autoconfigure.web.client.MockRestServiceServerResetTestExecutionListener, org.springframework.boot.test.autoconfigure.web.servlet.MockMvcPrintOnlyOnFailureTestExecutionListener, org.springframework.boot.test.autoconfigure.web.servlet.WebDriverTestExecutionListener, org.springframework.boot.test.mock.mockito.MockitoTestExecutionListener, org.springframework.boot.test.mock.mockito.ResetMocksTestExecutionListener, org.springframework.test.context.web.ServletTestExecutionListener, org.springframework.test.context.support.DirtiesContextBeforeModesTestExecutionListener, org.springframework.test.context.support.DependencyInjectionTestExecutionListener, org.springframework.test.context.support.DirtiesContextTestExecutionListener, org.springframework.test.context.transaction.TransactionalTestExecutionListener, org.springframework.test.context.jdbc.SqlScriptsTestExecutionListener]
2021-09-26 15:21:07.720  INFO 20064 --- [    Test worker] .b.t.a.w.s.WebMvcTestContextBootstrapper : Using TestExecutionListeners: [org.springframework.test.context.web.ServletTestExecutionListener@78b67dd1, org.springframework.test.context.support.DirtiesContextBeforeModesTestExecutionListener@1d4c9c0d, org.springframework.boot.test.mock.mockito.MockitoTestExecutionListener@497f04, org.springframework.boot.test.autoconfigure.SpringBootDependencyInjectionTestExecutionListener@6970ecc7, org.springframework.test.context.support.DirtiesContextTestExecutionListener@22e35ccd, org.springframework.test.context.transaction.TransactionalTestExecutionListener@5bb60068, org.springframework.test.context.jdbc.SqlScriptsTestExecutionListener@10ccf545, org.springframework.security.test.context.support.WithSecurityContextTestExecutionListener@7eb4354f, org.springframework.security.test.context.support.ReactorContextTestExecutionListener@46890b60, org.springframework.boot.test.autoconfigure.restdocs.RestDocsTestExecutionListener@2d57f699, org.springframework.boot.test.autoconfigure.web.client.MockRestServiceServerResetTestExecutionListener@5a4648ab, org.springframework.boot.test.autoconfigure.web.servlet.MockMvcPrintOnlyOnFailureTestExecutionListener@58710e1, org.springframework.boot.test.autoconfigure.web.servlet.WebDriverTestExecutionListener@b5bd93a, org.springframework.boot.test.mock.mockito.ResetMocksTestExecutionListener@192a15f6]

  .   ____          _            __ _ _
 /\\ / ___'_ __ _ _(_)_ __  __ _ \ \ \ \
( ( )\___ | '_ | '_| | '_ \/ _` | \ \ \ \
 \\/  ___)| |_)| | | | | || (_| |  ) ) ) )
  '  |____| .__|_| |_|_| |_\__, | / / / /
 =========|_|==============|___/=/_/_/_/
 :: Spring Boot ::        (v2.1.7.RELEASE)

2021-09-26 15:21:07.765  INFO 20064 --- [    Test worker] c.s.t.s.web.HelloControllerTest          : Starting HelloControllerTest on setong-PC with PID 20064 (started by Administrator in D:\intellij\spring-webservice)
2021-09-26 15:21:07.766  INFO 20064 --- [    Test worker] c.s.t.s.web.HelloControllerTest          : The following profiles are active: oauth
2021-09-26 15:21:08.152  INFO 20064 --- [    Test worker] o.s.s.concurrent.ThreadPoolTaskExecutor  : Initializing ExecutorService 'applicationTaskExecutor'
2021-09-26 15:21:08.179  INFO 20064 --- [    Test worker] o.s.b.a.w.s.WelcomePageHandlerMapping    : Adding welcome page template: index
2021-09-26 15:21:08.385  INFO 20064 --- [    Test worker] .s.s.UserDetailsServiceAutoConfiguration : 

Using generated security password: d01310a5-bdd3-47cf-bb6c-3447c7f89fc5

2021-09-26 15:21:08.525  INFO 20064 --- [    Test worker] o.s.s.web.DefaultSecurityFilterChain     : Creating filter chain: any request, [org.springframework.security.web.context.request.async.WebAsyncManagerIntegrationFilter@16631628, org.springframework.security.web.context.SecurityContextPersistenceFilter@68308c7, org.springframework.security.web.header.HeaderWriterFilter@70fe76b, org.springframework.security.web.csrf.CsrfFilter@6dee1572, org.springframework.security.web.authentication.logout.LogoutFilter@1398285e, org.springframework.security.web.authentication.UsernamePasswordAuthenticationFilter@a9ec6f4, org.springframework.security.web.authentication.ui.DefaultLoginPageGeneratingFilter@110738ed, org.springframework.security.web.authentication.ui.DefaultLogoutPageGeneratingFilter@2eafbe69, org.springframework.security.web.authentication.www.BasicAuthenticationFilter@52170c99, org.springframework.security.web.savedrequest.RequestCacheAwareFilter@4a049f82, org.springframework.security.web.servletapi.SecurityContextHolderAwareRequestFilter@32c81d16, org.springframework.security.web.authentication.AnonymousAuthenticationFilter@44360ce1, org.springframework.security.web.session.SessionManagementFilter@1a57377d, org.springframework.security.web.access.ExceptionTranslationFilter@246d14c9, org.springframework.security.web.access.intercept.FilterSecurityInterceptor@3484cece]
2021-09-26 15:21:08.560  INFO 20064 --- [    Test worker] o.s.b.t.m.w.SpringBootMockServletContext : Initializing Spring TestDispatcherServlet ''
2021-09-26 15:21:08.560  INFO 20064 --- [    Test worker] o.s.t.web.servlet.TestDispatcherServlet  : Initializing Servlet ''
2021-09-26 15:21:08.573  INFO 20064 --- [    Test worker] o.s.t.web.servlet.TestDispatcherServlet  : Completed initialization in 13 ms
2021-09-26 15:21:08.614  INFO 20064 --- [    Test worker] c.s.t.s.web.HelloControllerTest          : Started HelloControllerTest in 0.891 seconds (JVM running for 9.563)
]]></system-out>
  <system-err><![CDATA[]]></system-err>
</testsuite>
