<?xml version="1.0" encoding="UTF-8"?>
<testsuite name="com.setong.test.springboot.web.HelloControllerTest" tests="2" skipped="0" failures="0" errors="0" timestamp="2021-09-25T00:39:40" hostname="SETONG-PC" time="0.04">
  <properties/>
  <testcase name="hello가_리턴된다" classname="com.setong.test.springboot.web.HelloControllerTest" time="0.011"/>
  <testcase name="helloDto가_리턴된다" classname="com.setong.test.springboot.web.HelloControllerTest" time="0.028"/>
  <system-out><![CDATA[2021-09-25 09:39:39.594  INFO 15436 --- [    Test worker] .b.t.a.w.s.WebMvcTestContextBootstrapper : Neither @ContextConfiguration nor @ContextHierarchy found for test class [com.setong.test.springboot.web.HelloControllerTest], using SpringBootContextLoader
2021-09-25 09:39:39.595  INFO 15436 --- [    Test worker] o.s.t.c.support.AbstractContextLoader    : Could not detect default resource locations for test class [com.setong.test.springboot.web.HelloControllerTest]: no resource found for suffixes {-context.xml, Context.groovy}.
2021-09-25 09:39:39.595  INFO 15436 --- [    Test worker] t.c.s.AnnotationConfigContextLoaderUtils : Could not detect default configuration classes for test class [com.setong.test.springboot.web.HelloControllerTest]: HelloControllerTest does not declare any static, non-private, non-final, nested classes annotated with @Configuration.
2021-09-25 09:39:39.617  INFO 15436 --- [    Test worker] .b.t.c.SpringBootTestContextBootstrapper : Found @SpringBootConfiguration com.setong.test.springboot.Application for test class com.setong.test.springboot.web.HelloControllerTest
2021-09-25 09:39:39.618  INFO 15436 --- [    Test worker] .b.t.a.w.s.WebMvcTestContextBootstrapper : Loaded default TestExecutionListener class names from location [META-INF/spring.factories]: [org.springframework.security.test.context.support.WithSecurityContextTestExecutionListener, org.springframework.security.test.context.support.ReactorContextTestExecutionListener, org.springframework.boot.test.autoconfigure.restdocs.RestDocsTestExecutionListener, org.springframework.boot.test.autoconfigure.web.client.MockRestServiceServerResetTestExecutionListener, org.springframework.boot.test.autoconfigure.web.servlet.MockMvcPrintOnlyOnFailureTestExecutionListener, org.springframework.boot.test.autoconfigure.web.servlet.WebDriverTestExecutionListener, org.springframework.boot.test.mock.mockito.MockitoTestExecutionListener, org.springframework.boot.test.mock.mockito.ResetMocksTestExecutionListener, org.springframework.test.context.web.ServletTestExecutionListener, org.springframework.test.context.support.DirtiesContextBeforeModesTestExecutionListener, org.springframework.test.context.support.DependencyInjectionTestExecutionListener, org.springframework.test.context.support.DirtiesContextTestExecutionListener, org.springframework.test.context.transaction.TransactionalTestExecutionListener, org.springframework.test.context.jdbc.SqlScriptsTestExecutionListener]
2021-09-25 09:39:39.620  INFO 15436 --- [    Test worker] .b.t.a.w.s.WebMvcTestContextBootstrapper : Using TestExecutionListeners: [org.springframework.test.context.web.ServletTestExecutionListener@543bb515, org.springframework.test.context.support.DirtiesContextBeforeModesTestExecutionListener@73551c, org.springframework.boot.test.mock.mockito.MockitoTestExecutionListener@44f62d2b, org.springframework.boot.test.autoconfigure.SpringBootDependencyInjectionTestExecutionListener@11ad1b50, org.springframework.test.context.support.DirtiesContextTestExecutionListener@18b7876d, org.springframework.test.context.transaction.TransactionalTestExecutionListener@2f6ead2, org.springframework.test.context.jdbc.SqlScriptsTestExecutionListener@771c10d2, org.springframework.security.test.context.support.WithSecurityContextTestExecutionListener@e92e2fa, org.springframework.security.test.context.support.ReactorContextTestExecutionListener@2aba80aa, org.springframework.boot.test.autoconfigure.restdocs.RestDocsTestExecutionListener@1f2f4f55, org.springframework.boot.test.autoconfigure.web.client.MockRestServiceServerResetTestExecutionListener@8a246e2, org.springframework.boot.test.autoconfigure.web.servlet.MockMvcPrintOnlyOnFailureTestExecutionListener@11bee03e, org.springframework.boot.test.autoconfigure.web.servlet.WebDriverTestExecutionListener@6f7f8d73, org.springframework.boot.test.mock.mockito.ResetMocksTestExecutionListener@acf322e]

  .   ____          _            __ _ _
 /\\ / ___'_ __ _ _(_)_ __  __ _ \ \ \ \
( ( )\___ | '_ | '_| | '_ \/ _` | \ \ \ \
 \\/  ___)| |_)| | | | | || (_| |  ) ) ) )
  '  |____| .__|_| |_|_| |_\__, | / / / /
 =========|_|==============|___/=/_/_/_/
 :: Spring Boot ::        (v2.1.7.RELEASE)

2021-09-25 09:39:39.700  INFO 15436 --- [    Test worker] c.s.t.s.web.HelloControllerTest          : Starting HelloControllerTest on setong-PC with PID 15436 (started by Administrator in D:\intellij\spring-webservice)
2021-09-25 09:39:39.700  INFO 15436 --- [    Test worker] c.s.t.s.web.HelloControllerTest          : The following profiles are active: oauth
2021-09-25 09:39:40.094  INFO 15436 --- [    Test worker] o.s.s.concurrent.ThreadPoolTaskExecutor  : Initializing ExecutorService 'applicationTaskExecutor'
2021-09-25 09:39:40.125  INFO 15436 --- [    Test worker] o.s.b.a.w.s.WelcomePageHandlerMapping    : Adding welcome page template: index
2021-09-25 09:39:40.296  INFO 15436 --- [    Test worker] .s.s.UserDetailsServiceAutoConfiguration : 

Using generated security password: 3c8f0d25-0a9d-422b-90c6-abb7ffd955e2

2021-09-25 09:39:40.403  INFO 15436 --- [    Test worker] o.s.s.web.DefaultSecurityFilterChain     : Creating filter chain: any request, [org.springframework.security.web.context.request.async.WebAsyncManagerIntegrationFilter@4576f6f9, org.springframework.security.web.context.SecurityContextPersistenceFilter@637a4bd5, org.springframework.security.web.header.HeaderWriterFilter@2dbeafa3, org.springframework.security.web.csrf.CsrfFilter@3afdbae1, org.springframework.security.web.authentication.logout.LogoutFilter@42f12b6, org.springframework.security.web.authentication.UsernamePasswordAuthenticationFilter@7368af50, org.springframework.security.web.authentication.ui.DefaultLoginPageGeneratingFilter@368f8704, org.springframework.security.web.authentication.ui.DefaultLogoutPageGeneratingFilter@32ac1f91, org.springframework.security.web.authentication.www.BasicAuthenticationFilter@59ff4721, org.springframework.security.web.savedrequest.RequestCacheAwareFilter@d26b35e, org.springframework.security.web.servletapi.SecurityContextHolderAwareRequestFilter@55bdd6ee, org.springframework.security.web.authentication.AnonymousAuthenticationFilter@11c990aa, org.springframework.security.web.session.SessionManagementFilter@7a432247, org.springframework.security.web.access.ExceptionTranslationFilter@540756a2, org.springframework.security.web.access.intercept.FilterSecurityInterceptor@2d70fefc]
2021-09-25 09:39:40.416  INFO 15436 --- [    Test worker] o.s.b.t.m.w.SpringBootMockServletContext : Initializing Spring TestDispatcherServlet ''
2021-09-25 09:39:40.416  INFO 15436 --- [    Test worker] o.s.t.web.servlet.TestDispatcherServlet  : Initializing Servlet ''
2021-09-25 09:39:40.426  INFO 15436 --- [    Test worker] o.s.t.web.servlet.TestDispatcherServlet  : Completed initialization in 9 ms
2021-09-25 09:39:40.453  INFO 15436 --- [    Test worker] c.s.t.s.web.HelloControllerTest          : Started HelloControllerTest in 0.831 seconds (JVM running for 11.19)
]]></system-out>
  <system-err><![CDATA[]]></system-err>
</testsuite>
