<?xml version="1.0" encoding="UTF-8"?>
<testsuite name="com.setong.test.springboot.web.dto.HelloResponseDtoTest" tests="1" skipped="0" failures="0" errors="0" timestamp="2021-09-26T06:21:07" hostname="SETONG-PC" time="0.0">
  <properties/>
  <testcase name="롬복_기능_테스트" classname="com.setong.test.springboot.web.dto.HelloResponseDtoTest" time="0.0"/>
  <system-out><![CDATA[]]></system-out>
  <system-err><![CDATA[]]></system-err>
</testsuite>
