<?xml version="1.0" encoding="UTF-8"?>
<testsuite name="com.setong.test.springboot.web.IndexControllerTest" tests="1" skipped="0" failures="0" errors="0" timestamp="2021-09-25T00:39:40" hostname="SETONG-PC" time="0.183">
  <properties/>
  <testcase name="메인페이지_로딩" classname="com.setong.test.springboot.web.IndexControllerTest" time="0.183"/>
  <system-out><![CDATA[2021-09-25 09:39:40.499  INFO 15436 --- [    Test worker] .b.t.c.SpringBootTestContextBootstrapper : Neither @ContextConfiguration nor @ContextHierarchy found for test class [com.setong.test.springboot.web.IndexControllerTest], using SpringBootContextLoader
2021-09-25 09:39:40.499  INFO 15436 --- [    Test worker] o.s.t.c.support.AbstractContextLoader    : Could not detect default resource locations for test class [com.setong.test.springboot.web.IndexControllerTest]: no resource found for suffixes {-context.xml, Context.groovy}.
2021-09-25 09:39:40.499  INFO 15436 --- [    Test worker] t.c.s.AnnotationConfigContextLoaderUtils : Could not detect default configuration classes for test class [com.setong.test.springboot.web.IndexControllerTest]: IndexControllerTest does not declare any static, non-private, non-final, nested classes annotated with @Configuration.
2021-09-25 09:39:40.501  INFO 15436 --- [    Test worker] .b.t.c.SpringBootTestContextBootstrapper : Found @SpringBootConfiguration com.setong.test.springboot.Application for test class com.setong.test.springboot.web.IndexControllerTest
2021-09-25 09:39:40.502  INFO 15436 --- [    Test worker] .b.t.c.SpringBootTestContextBootstrapper : Loaded default TestExecutionListener class names from location [META-INF/spring.factories]: [org.springframework.security.test.context.support.WithSecurityContextTestExecutionListener, org.springframework.security.test.context.support.ReactorContextTestExecutionListener, org.springframework.boot.test.autoconfigure.restdocs.RestDocsTestExecutionListener, org.springframework.boot.test.autoconfigure.web.client.MockRestServiceServerResetTestExecutionListener, org.springframework.boot.test.autoconfigure.web.servlet.MockMvcPrintOnlyOnFailureTestExecutionListener, org.springframework.boot.test.autoconfigure.web.servlet.WebDriverTestExecutionListener, org.springframework.boot.test.mock.mockito.MockitoTestExecutionListener, org.springframework.boot.test.mock.mockito.ResetMocksTestExecutionListener, org.springframework.test.context.web.ServletTestExecutionListener, org.springframework.test.context.support.DirtiesContextBeforeModesTestExecutionListener, org.springframework.test.context.support.DependencyInjectionTestExecutionListener, org.springframework.test.context.support.DirtiesContextTestExecutionListener, org.springframework.test.context.transaction.TransactionalTestExecutionListener, org.springframework.test.context.jdbc.SqlScriptsTestExecutionListener]
2021-09-25 09:39:40.504  INFO 15436 --- [    Test worker] .b.t.c.SpringBootTestContextBootstrapper : Using TestExecutionListeners: [org.springframework.test.context.web.ServletTestExecutionListener@50968752, org.springframework.test.context.support.DirtiesContextBeforeModesTestExecutionListener@7fa30b03, org.springframework.boot.test.mock.mockito.MockitoTestExecutionListener@255f3225, org.springframework.boot.test.autoconfigure.SpringBootDependencyInjectionTestExecutionListener@33d401f7, org.springframework.test.context.support.DirtiesContextTestExecutionListener@571cacc8, org.springframework.test.context.transaction.TransactionalTestExecutionListener@30805e3b, org.springframework.test.context.jdbc.SqlScriptsTestExecutionListener@6c129c14, org.springframework.security.test.context.support.WithSecurityContextTestExecutionListener@7fdae3d8, org.springframework.security.test.context.support.ReactorContextTestExecutionListener@4d926a07, org.springframework.boot.test.autoconfigure.restdocs.RestDocsTestExecutionListener@7f518408, org.springframework.boot.test.autoconfigure.web.client.MockRestServiceServerResetTestExecutionListener@7db45ca, org.springframework.boot.test.autoconfigure.web.servlet.MockMvcPrintOnlyOnFailureTestExecutionListener@2f37a2ca, org.springframework.boot.test.autoconfigure.web.servlet.WebDriverTestExecutionListener@71ab3779, org.springframework.boot.test.mock.mockito.ResetMocksTestExecutionListener@2298c80]
2021-09-25 09:39:40.610  INFO 15436 --- [o-auto-1-exec-1] o.a.c.c.C.[Tomcat].[localhost].[/]       : Initializing Spring DispatcherServlet 'dispatcherServlet'
2021-09-25 09:39:40.611  INFO 15436 --- [o-auto-1-exec-1] o.s.web.servlet.DispatcherServlet        : Initializing Servlet 'dispatcherServlet'
2021-09-25 09:39:40.616  INFO 15436 --- [o-auto-1-exec-1] o.s.web.servlet.DispatcherServlet        : Completed initialization in 5 ms
Hibernate: select posts0_.id as id1_0_, posts0_.create_date as create_d2_0_, posts0_.modified_date as modified3_0_, posts0_.author as author4_0_, posts0_.content as content5_0_, posts0_.title as title6_0_ from posts posts0_ order by posts0_.id DESC
]]></system-out>
  <system-err><![CDATA[]]></system-err>
</testsuite>
