<?xml version="1.0" encoding="UTF-8"?>
<testsuite name="com.setong.test.springboot.web.PostsApiControllerTest" tests="2" skipped="0" failures="0" errors="0" timestamp="2021-09-19T09:26:08" hostname="SETONG-PC" time="0.38">
  <properties/>
  <testcase name="게시물_등록" classname="com.setong.test.springboot.web.PostsApiControllerTest" time="0.339"/>
  <testcase name="게시물_수정" classname="com.setong.test.springboot.web.PostsApiControllerTest" time="0.04"/>
  <system-out><![CDATA[2021-09-19 18:26:08.023  INFO 18108 --- [    Test worker] .b.t.c.SpringBootTestContextBootstrapper : Neither @ContextConfiguration nor @ContextHierarchy found for test class [com.setong.test.springboot.web.PostsApiControllerTest], using SpringBootContextLoader
2021-09-19 18:26:08.024  INFO 18108 --- [    Test worker] o.s.t.c.support.AbstractContextLoader    : Could not detect default resource locations for test class [com.setong.test.springboot.web.PostsApiControllerTest]: no resource found for suffixes {-context.xml, Context.groovy}.
2021-09-19 18:26:08.024  INFO 18108 --- [    Test worker] t.c.s.AnnotationConfigContextLoaderUtils : Could not detect default configuration classes for test class [com.setong.test.springboot.web.PostsApiControllerTest]: PostsApiControllerTest does not declare any static, non-private, non-final, nested classes annotated with @Configuration.
2021-09-19 18:26:08.026  INFO 18108 --- [    Test worker] .b.t.c.SpringBootTestContextBootstrapper : Found @SpringBootConfiguration com.setong.test.springboot.Application for test class com.setong.test.springboot.web.PostsApiControllerTest
2021-09-19 18:26:08.027  INFO 18108 --- [    Test worker] .b.t.c.SpringBootTestContextBootstrapper : Loaded default TestExecutionListener class names from location [META-INF/spring.factories]: [org.springframework.boot.test.autoconfigure.restdocs.RestDocsTestExecutionListener, org.springframework.boot.test.autoconfigure.web.client.MockRestServiceServerResetTestExecutionListener, org.springframework.boot.test.autoconfigure.web.servlet.MockMvcPrintOnlyOnFailureTestExecutionListener, org.springframework.boot.test.autoconfigure.web.servlet.WebDriverTestExecutionListener, org.springframework.boot.test.mock.mockito.MockitoTestExecutionListener, org.springframework.boot.test.mock.mockito.ResetMocksTestExecutionListener, org.springframework.test.context.web.ServletTestExecutionListener, org.springframework.test.context.support.DirtiesContextBeforeModesTestExecutionListener, org.springframework.test.context.support.DependencyInjectionTestExecutionListener, org.springframework.test.context.support.DirtiesContextTestExecutionListener, org.springframework.test.context.transaction.TransactionalTestExecutionListener, org.springframework.test.context.jdbc.SqlScriptsTestExecutionListener]
2021-09-19 18:26:08.028  INFO 18108 --- [    Test worker] .b.t.c.SpringBootTestContextBootstrapper : Using TestExecutionListeners: [org.springframework.test.context.web.ServletTestExecutionListener@22bfd88b, org.springframework.test.context.support.DirtiesContextBeforeModesTestExecutionListener@21aee3ef, org.springframework.boot.test.mock.mockito.MockitoTestExecutionListener@1407a1b5, org.springframework.boot.test.autoconfigure.SpringBootDependencyInjectionTestExecutionListener@6707dbc4, org.springframework.test.context.support.DirtiesContextTestExecutionListener@3b202c2f, org.springframework.test.context.transaction.TransactionalTestExecutionListener@6d47013f, org.springframework.test.context.jdbc.SqlScriptsTestExecutionListener@44e41f2b, org.springframework.boot.test.autoconfigure.restdocs.RestDocsTestExecutionListener@1d643588, org.springframework.boot.test.autoconfigure.web.client.MockRestServiceServerResetTestExecutionListener@271f235f, org.springframework.boot.test.autoconfigure.web.servlet.MockMvcPrintOnlyOnFailureTestExecutionListener@7284907a, org.springframework.boot.test.autoconfigure.web.servlet.WebDriverTestExecutionListener@16fdd446, org.springframework.boot.test.mock.mockito.ResetMocksTestExecutionListener@2a097b64]
Hibernate: insert into posts (create_date, modified_date, author, content, title) values (?, ?, ?, ?, ?)
2021-09-19 18:26:08.361  INFO 18108 --- [    Test worker] o.h.h.i.QueryTranslatorFactoryInitiator  : HHH000397: Using ASTQueryTranslatorFactory
Hibernate: select posts0_.id as id1_0_, posts0_.create_date as create_d2_0_, posts0_.modified_date as modified3_0_, posts0_.author as author4_0_, posts0_.content as content5_0_, posts0_.title as title6_0_ from posts posts0_
Hibernate: select posts0_.id as id1_0_, posts0_.create_date as create_d2_0_, posts0_.modified_date as modified3_0_, posts0_.author as author4_0_, posts0_.content as content5_0_, posts0_.title as title6_0_ from posts posts0_
Hibernate: delete from posts where id=?
Hibernate: insert into posts (create_date, modified_date, author, content, title) values (?, ?, ?, ?, ?)
Hibernate: select posts0_.id as id1_0_0_, posts0_.create_date as create_d2_0_0_, posts0_.modified_date as modified3_0_0_, posts0_.author as author4_0_0_, posts0_.content as content5_0_0_, posts0_.title as title6_0_0_ from posts posts0_ where posts0_.id=?
Hibernate: update posts set create_date=?, modified_date=?, author=?, content=?, title=? where id=?
Hibernate: select posts0_.id as id1_0_, posts0_.create_date as create_d2_0_, posts0_.modified_date as modified3_0_, posts0_.author as author4_0_, posts0_.content as content5_0_, posts0_.title as title6_0_ from posts posts0_
Hibernate: select posts0_.id as id1_0_, posts0_.create_date as create_d2_0_, posts0_.modified_date as modified3_0_, posts0_.author as author4_0_, posts0_.content as content5_0_, posts0_.title as title6_0_ from posts posts0_
Hibernate: delete from posts where id=?
]]></system-out>
  <system-err><![CDATA[]]></system-err>
</testsuite>
